<?xml version="1.0" encoding="UTF-8"?>
<!-- Generated by org.testng.reporters.JUnitReportReporter -->
<testsuite hostname="anirban-hp-notebook" failures="0" tests="3" name="runner.TestRunner" time="54.321" errors="0" timestamp="2023-07-13T13:21:46 IST" skipped="0">
  <testcase classname="runner.TestRunner" name="runScenario" time="12.792"/>
  <testcase classname="runner.TestRunner" name="runScenario" time="30.607"/>
  <testcase classname="runner.TestRunner" name="runScenario" time="10.922"/>
</testsuite> <!-- runner.TestRunner -->
