<?xml version="1.0" encoding="UTF-8"?>
<!-- Generated by org.testng.reporters.JUnitReportReporter -->
<testsuite hostname="anirban-hp-notebook" failures="0" tests="3" name="runner.TestRunner" time="43.754" errors="0" timestamp="2023-07-08T14:27:47 IST" skipped="0">
  <testcase classname="runner.TestRunner" name="runScenario" time="13.040"/>
  <testcase classname="runner.TestRunner" name="runScenario" time="13.512"/>
  <testcase classname="runner.TestRunner" name="runScenario" time="17.202"/>
</testsuite> <!-- runner.TestRunner -->
