<?xml version="1.0" encoding="UTF-8"?>
<!-- Generated by org.testng.reporters.JUnitReportReporter -->
<testsuite hostname="anirban-hp-notebook" failures="0" tests="3" name="runner.CucumberTestRunner" time="43.828" errors="0" timestamp="2023-07-08T12:50:55 IST" skipped="0">
  <testcase classname="runner.CucumberTestRunner" name="runScenario" time="12.956"/>
  <testcase classname="runner.CucumberTestRunner" name="runScenario" time="15.179"/>
  <testcase classname="runner.CucumberTestRunner" name="runScenario" time="15.693"/>
</testsuite> <!-- runner.CucumberTestRunner -->
