<?xml version="1.0" encoding="UTF-8"?>
<!-- Generated by org.testng.reporters.JUnitReportReporter -->
<testsuite hostname="anirban-hp-notebook" failures="0" tests="3" name="runner.TestRunner" time="81.094" errors="0" timestamp="2023-07-13T10:58:40 IST" skipped="0">
  <testcase classname="runner.TestRunner" name="runScenario" time="29.922"/>
  <testcase classname="runner.TestRunner" name="runScenario" time="39.931"/>
  <testcase classname="runner.TestRunner" name="runScenario" time="11.241"/>
</testsuite> <!-- runner.TestRunner -->
